[TRACE] 2022-09-29 01:13:09.654 [main] App - This is a trace message
[INFO ] 2022-09-29 01:13:09.658 [main] App - This is an info message
[ERROR] 2022-09-29 01:13:09.658 [main] App - This is an error message
[WARN ] 2022-09-29 01:13:09.659 [main] App - This is a warning message
[FATAL] 2022-09-29 01:13:09.659 [main] App - This is a fatal message
[TRACE] 2022-09-29 17:18:07.310 [main] App - This is a trace message
[INFO ] 2022-09-29 17:18:07.315 [main] App - This is an info message
[ERROR] 2022-09-29 17:18:07.315 [main] App - This is an error message
[WARN ] 2022-09-29 17:18:07.315 [main] App - This is a warning message
[FATAL] 2022-09-29 17:18:07.316 [main] App - This is a fatal message
[ERROR] 2022-10-08 15:48:13.822 [main] AdminDaoImpl - exception happened com.ams.exception.GlobalException: Invalid credentials  and error creation time is Sat Oct 08 15:48:13 IST 2022
[ERROR] 2022-10-08 15:54:29.383 [main] DepartmentDaoImpl - exception happened com.ams.exception.GlobalException: Invalid entry and error creation time is Sat Oct 08 15:54:29 IST 2022
[ERROR] 2022-10-08 15:55:35.924 [main] DepartmentDaoImpl - exception happened com.ams.exception.GlobalException: Invalid entry and error creation time is Sat Oct 08 15:55:35 IST 2022
[ERROR] 2022-10-08 16:08:13.469 [main] DepartmentDaoImpl - exception happened com.ams.exception.GlobalException: Invalid phone number entry and error creation time is Sat Oct 08 16:08:13 IST 2022
[ERROR] 2022-10-08 16:10:20.509 [main] DepartmentDaoImpl - exception happened com.ams.exception.GlobalException: Invalid pass year entry and error creation time is Sat Oct 08 16:10:20 IST 2022
[ERROR] 2022-10-08 16:48:56.011 [main] DepartmentDaoImpl - exception happened com.ams.exception.GlobalException: Invalid id entry and error creation time is Sat Oct 08 16:48:55 IST 2022
[ERROR] 2022-10-08 16:53:18.119 [main] DepartmentDaoImpl - exception happened org.hibernate.MappingException: Unknown entity: java.util.ArrayList and error creation time is Sat Oct 08 16:53:18 IST 2022
[INFO ] 2022-10-09 14:57:10.335 [main] AdminDaoImpl - new admin A/c created Admin(adusername=manduakash, adpassword=manduakash, adname=akash, ademail=manduakash@gmail.com) and creation time is Sun Oct 09 14:57:10 IST 2022
[INFO ] 2022-10-09 14:57:14.493 [main] AdminServiceImpl - new admin A/c created Admin(adusername=manduakash, adpassword=manduakash, adname=akash, ademail=manduakash@gmail.com) and creation time is Sun Oct 09 14:57:14 IST 2022
[INFO ] 2022-10-09 14:58:05.366 [main] AdminDaoImpl - new admin A/c created Admin(adusername=admin, adpassword=admin, adname=admin, ademail=admin@gmain.com) and creation time is Sun Oct 09 14:58:05 IST 2022
[INFO ] 2022-10-09 14:58:07.427 [main] AdminServiceImpl - new admin A/c created Admin(adusername=admin, adpassword=admin, adname=admin, ademail=admin@gmain.com) and creation time is Sun Oct 09 14:58:07 IST 2022
[INFO ] 2022-10-09 15:01:37.439 [main] AdminDaoImpl - admin password updated Admin(adusername=admin, adpassword=admin, adname=admin, ademail=admin@gmain.com) and time is Sun Oct 09 15:01:37 IST 2022
[INFO ] 2022-10-09 15:01:37.440 [main] AdminServiceImpl - admin password updated Admin(adusername=admin, adpassword=admin, adname=admin, ademail=admin@gmain.com) and time is Sun Oct 09 15:01:37 IST 2022
[INFO ] 2022-10-09 15:10:01.748 [main] AdminDaoImpl - admin password updated Admin(adusername=admin, adpassword=admin, adname=admin, ademail=admin@gmain.com) and time is Sun Oct 09 15:10:01 IST 2022
[INFO ] 2022-10-09 15:10:01.770 [main] AdminServiceImpl - admin password updated Admin(adusername=admin, adpassword=admin, adname=admin, ademail=admin@gmain.com) and time is Sun Oct 09 15:10:01 IST 2022
[INFO ] 2022-10-09 15:22:45.275 [main] AdminDaoImpl - admin password updated Admin(adusername=admin, adpassword=admin, adname=admin, ademail=admin@gmain.com) and time is Sun Oct 09 15:22:45 IST 2022
[INFO ] 2022-10-09 15:22:45.277 [main] AdminServiceImpl - admin password updated Admin(adusername=admin, adpassword=admin, adname=admin, ademail=admin@gmain.com) and time is Sun Oct 09 15:22:45 IST 2022
[INFO ] 2022-10-09 15:29:45.825 [main] AdminDaoImpl - admin password updated Admin(adusername=admin, adpassword=admin, adname=admin, ademail=admin@gmain.com) and time is Sun Oct 09 15:29:45 IST 2022
[INFO ] 2022-10-09 15:29:45.827 [main] AdminServiceImpl - admin password updated Admin(adusername=admin, adpassword=admin, adname=admin, ademail=admin@gmain.com) and time is Sun Oct 09 15:29:45 IST 2022
[INFO ] 2022-10-10 08:10:20.910 [main] AdminDaoImpl - admin password updated Admin(adusername=manduakash, adpassword=mandu, adname=akash, ademail=manduakash@gmail.com) and time is Mon Oct 10 08:10:20 IST 2022
[INFO ] 2022-10-10 08:10:20.912 [main] AdminServiceImpl - admin password updated Admin(adusername=manduakash, adpassword=mandu, adname=akash, ademail=manduakash@gmail.com) and time is Mon Oct 10 08:10:20 IST 2022
[ERROR] 2022-10-10 08:12:35.587 [main] DepartmentDaoImpl - exception happened javax.persistence.PersistenceException: org.hibernate.exception.SQLGrammarException: could not execute statement and error creation time is Mon Oct 10 08:12:35 IST 2022
[INFO ] 2022-10-10 08:12:35.587 [main] DepartmentServiceImpl - new department created Department(did=1, dname=anything, dhead=akash) and creation time is Mon Oct 10 08:12:35 IST 2022
[INFO ] 2022-10-10 08:16:29.050 [main] DepartmentDaoImpl - new department created Department(did=1, dname=demo, dhead=akash) and creation time is Mon Oct 10 08:16:28 IST 2022
[INFO ] 2022-10-10 08:16:29.055 [main] DepartmentServiceImpl - new department created Department(did=1, dname=demo, dhead=akash) and creation time is Mon Oct 10 08:16:29 IST 2022
[ERROR] 2022-10-10 08:17:11.120 [main] DepartmentDaoImpl - exception happened com.ams.exception.GlobalException: Invalid department id and error creation time is Mon Oct 10 08:17:11 IST 2022
[INFO ] 2022-10-10 08:17:11.124 [main] DepartmentServiceImpl - department data fetched null and time is Mon Oct 10 08:17:11 IST 2022
[INFO ] 2022-10-10 08:30:43.092 [main] DepartmentDaoImpl - department data fetched Department(did=1, dname=demo, dhead=akash) and time is Mon Oct 10 08:30:42 IST 2022
[INFO ] 2022-10-10 08:30:43.105 [main] DepartmentServiceImpl - department data fetched Department(did=1, dname=demo, dhead=akash) and time is Mon Oct 10 08:30:43 IST 2022
[INFO ] 2022-10-10 08:33:11.044 [main] AdminDaoImpl - department data fetched [Department(did=1, dname=demo, dhead=akash)] and time is Mon Oct 10 08:33:11 IST 2022
[INFO ] 2022-10-10 08:33:11.050 [main] AdminServiceImpl - department data fetched [Department(did=1, dname=demo, dhead=akash)] and time is Mon Oct 10 08:33:11 IST 2022
[INFO ] 2022-10-10 08:35:00.122 [main] AdminDaoImpl - 1Department deleted and time is Mon Oct 10 08:35:00 IST 2022
[INFO ] 2022-10-10 08:35:00.131 [main] AdminServiceImpl - 1Department deleted and time is Mon Oct 10 08:35:00 IST 2022
[INFO ] 2022-10-10 08:46:23.620 [main] AlumniDaoImpl - new alumni A/c created Alumni(alroll=1234567890, alpassword=alumni, alname=alumni, aladdress=alumniaddress, alphone=6202734737, alemail=alumni@gmail.com, alpassyear=2022, department=null) and creation time is Mon Oct 10 08:46:23 IST 2022
[INFO ] 2022-10-10 08:46:23.632 [main] AlumniServiceImpl - new alumni A/c created Alumni(alroll=1234567890, alpassword=alumni, alname=alumni, aladdress=alumniaddress, alphone=6202734737, alemail=alumni@gmail.com, alpassyear=2022, department=null) and creation time is Mon Oct 10 08:46:23 IST 2022
[ERROR] 2022-10-10 08:46:43.695 [main] AlumniDaoImpl - exception happened com.ams.exception.GlobalException: Invalid roll number or password and error creation time is Mon Oct 10 08:46:43 IST 2022
[INFO ] 2022-10-10 08:46:43.717 [main] AlumniServiceImpl - alumni data fetched null and time is Mon Oct 10 08:46:43 IST 2022
[ERROR] 2022-10-10 08:48:14.448 [main] AlumniDaoImpl - exception happened com.ams.exception.GlobalException: Invalid roll number or password and error creation time is Mon Oct 10 08:48:14 IST 2022
[INFO ] 2022-10-10 08:48:14.448 [main] AlumniServiceImpl - alumni data fetched null and time is Mon Oct 10 08:48:14 IST 2022
[INFO ] 2022-10-10 09:05:08.161 [main] AlumniDaoImpl - alumni data fetched [Alumni(alroll=1234567890, alpassword=alumni, alname=alumni, aladdress=alumniaddress, alphone=6202734737, alemail=alumni@gmail.com, alpassyear=2022, department=null)] and time is Mon Oct 10 09:05:08 IST 2022
[INFO ] 2022-10-10 09:05:08.163 [main] AlumniServiceImpl - alumni data fetched [Alumni(alroll=1234567890, alpassword=alumni, alname=alumni, aladdress=alumniaddress, alphone=6202734737, alemail=alumni@gmail.com, alpassyear=2022, department=null)] and time is Mon Oct 10 09:05:08 IST 2022
[ERROR] 2022-10-10 09:06:37.785 [main] AlumniDaoImpl - exception happened com.ams.exception.GlobalException: Invalid credentials  and error creation time is Mon Oct 10 09:06:37 IST 2022
[INFO ] 2022-10-10 09:06:37.792 [main] AlumniServiceImpl - admin password updated Alumni(alroll=null, alpassword=alumni, alname=null, aladdress=null, alphone=null, alemail=null, alpassyear=null, department=null) and time is Mon Oct 10 09:06:37 IST 2022
[INFO ] 2022-10-10 09:17:06.319 [main] AlumniDaoImpl - alumni data fetched [Alumni(alroll=1234567890, alpassword=alumni, alname=alumni, aladdress=alumniaddress, alphone=6202734737, alemail=alumni@gmail.com, alpassyear=2022, department=null)] and time is Mon Oct 10 09:17:06 IST 2022
[INFO ] 2022-10-10 09:17:06.320 [main] AlumniServiceImpl - alumni data fetched [Alumni(alroll=1234567890, alpassword=alumni, alname=alumni, aladdress=alumniaddress, alphone=6202734737, alemail=alumni@gmail.com, alpassyear=2022, department=null)] and time is Mon Oct 10 09:17:06 IST 2022
[INFO ] 2022-10-10 09:17:47.729 [main] AlumniDaoImpl - alumni password updated Alumni(alroll=1234567890, alpassword=alumninew, alname=alumni, aladdress=alumniaddress, alphone=6202734737, alemail=alumni@gmail.com, alpassyear=2022, department=null) and time is Mon Oct 10 09:17:47 IST 2022
[INFO ] 2022-10-10 09:17:47.729 [main] AlumniServiceImpl - admin password updated Alumni(alroll=null, alpassword=alumninew, alname=null, aladdress=null, alphone=null, alemail=null, alpassyear=null, department=null) and time is Mon Oct 10 09:17:47 IST 2022
[ERROR] 2022-10-10 09:19:10.046 [main] DepartmentDaoImpl - exception happened com.ams.exception.GlobalException: Invalid department id and error creation time is Mon Oct 10 09:19:10 IST 2022
[INFO ] 2022-10-10 09:19:10.049 [main] DepartmentServiceImpl - department data fetched null and time is Mon Oct 10 09:19:10 IST 2022
[INFO ] 2022-10-10 09:21:00.982 [main] DepartmentDaoImpl - new department created Department(did=1, dname=dept1, dhead=akash) and creation time is Mon Oct 10 09:21:00 IST 2022
[INFO ] 2022-10-10 09:21:00.990 [main] DepartmentServiceImpl - new department created Department(did=1, dname=dept1, dhead=akash) and creation time is Mon Oct 10 09:21:00 IST 2022
[ERROR] 2022-10-10 09:21:11.301 [main] DepartmentDaoImpl - exception happened com.ams.exception.GlobalException: Invalid department id and error creation time is Mon Oct 10 09:21:11 IST 2022
[INFO ] 2022-10-10 09:21:11.308 [main] DepartmentServiceImpl - department data fetched null and time is Mon Oct 10 09:21:11 IST 2022
[INFO ] 2022-10-10 09:28:22.388 [main] AdminDaoImpl - department data fetched [Department(did=1, dname=dept1, dhead=akash)] and time is Mon Oct 10 09:28:22 IST 2022
[INFO ] 2022-10-10 09:28:22.408 [main] AdminServiceImpl - department data fetched [Department(did=1, dname=dept1, dhead=akash)] and time is Mon Oct 10 09:28:22 IST 2022
[INFO ] 2022-10-10 09:28:44.129 [main] DepartmentDaoImpl - department data fetched Department(did=1, dname=dept1, dhead=akash) and time is Mon Oct 10 09:28:44 IST 2022
[INFO ] 2022-10-10 09:28:44.129 [main] DepartmentServiceImpl - department data fetched Department(did=1, dname=dept1, dhead=akash) and time is Mon Oct 10 09:28:44 IST 2022
[INFO ] 2022-10-10 09:30:11.609 [main] AdminDaoImpl - department data fetched [Department(did=1, dname=dept1, dhead=akash)] and time is Mon Oct 10 09:30:11 IST 2022
[INFO ] 2022-10-10 09:30:11.631 [main] AdminServiceImpl - department data fetched [Department(did=1, dname=dept1, dhead=akash)] and time is Mon Oct 10 09:30:11 IST 2022
[INFO ] 2022-10-10 09:31:59.196 [main] AdminDaoImpl - department data fetched [Department(did=1, dname=dept1, dhead=akash)] and time is Mon Oct 10 09:31:59 IST 2022
[INFO ] 2022-10-10 09:31:59.210 [main] AdminServiceImpl - department data fetched [Department(did=1, dname=dept1, dhead=akash)] and time is Mon Oct 10 09:31:59 IST 2022
[INFO ] 2022-10-10 09:32:22.016 [main] DepartmentDaoImpl - department data fetched Department(did=1, dname=dept1, dhead=akash) and time is Mon Oct 10 09:32:22 IST 2022
[INFO ] 2022-10-10 09:32:22.016 [main] DepartmentServiceImpl - department data fetched Department(did=1, dname=dept1, dhead=akash) and time is Mon Oct 10 09:32:22 IST 2022
[INFO ] 2022-10-10 09:34:05.906 [main] AdminDaoImpl - department data fetched [Department(did=1, dname=dept1, dhead=akash)] and time is Mon Oct 10 09:34:05 IST 2022
[INFO ] 2022-10-10 09:34:05.918 [main] AdminServiceImpl - department data fetched [Department(did=1, dname=dept1, dhead=akash)] and time is Mon Oct 10 09:34:05 IST 2022
[ERROR] 2022-10-10 09:34:43.833 [main] DepartmentDaoImpl - exception happened com.ams.exception.GlobalException: Invalid department id and error creation time is Mon Oct 10 09:34:43 IST 2022
[INFO ] 2022-10-10 09:34:43.842 [main] DepartmentServiceImpl - department data fetched null and time is Mon Oct 10 09:34:43 IST 2022
[ERROR] 2022-10-10 13:07:37.059 [main] AdminDaoImpl - exception happened com.ams.exception.GlobalException: Invalid admin credentials and error creation time is Mon Oct 10 13:07:36 IST 2022
[INFO ] 2022-10-10 13:07:37.062 [main] AdminServiceImpl - alumni data fetched null and time is Mon Oct 10 13:07:37 IST 2022
[INFO ] 2022-10-10 13:09:52.480 [main] AdminDaoImpl - new admin A/c created Admin(adusername=admin, adpassword=admin, adname=admin, ademail=admin@gmail.com) and creation time is Mon Oct 10 13:09:52 IST 2022
[INFO ] 2022-10-10 13:09:54.199 [main] AdminServiceImpl - new admin A/c created Admin(adusername=admin, adpassword=admin, adname=admin, ademail=admin@gmail.com) and creation time is Mon Oct 10 13:09:54 IST 2022
[INFO ] 2022-10-10 13:11:28.488 [main] AlumniDaoImpl - new alumni A/c created Alumni(alroll=1111111111, alpassword=alumni, alname=alumni, aladdress=alumniAddress, alphone=6202734737, alemail=alumni@alm.com, alpassyear=2022, department=null) and creation time is Mon Oct 10 13:11:28 IST 2022
[INFO ] 2022-10-10 13:11:28.491 [main] AlumniServiceImpl - new alumni A/c created Alumni(alroll=1111111111, alpassword=alumni, alname=alumni, aladdress=alumniAddress, alphone=6202734737, alemail=alumni@alm.com, alpassyear=2022, department=null) and creation time is Mon Oct 10 13:11:28 IST 2022
[ERROR] 2022-10-10 13:11:43.990 [main] AlumniDaoImpl - exception happened org.hibernate.TypeMismatchException: Provided id of the wrong type for class com.ams.entity.Alumni. Expected: class java.lang.Long, got class java.lang.Integer and error creation time is Mon Oct 10 13:11:43 IST 2022
[INFO ] 2022-10-10 13:11:43.990 [main] AlumniServiceImpl - alumni data fetched null and time is Mon Oct 10 13:11:43 IST 2022
[ERROR] 2022-10-10 13:13:04.953 [main] AlumniDaoImpl - exception happened org.hibernate.TypeMismatchException: Provided id of the wrong type for class com.ams.entity.Alumni. Expected: class java.lang.Long, got class java.lang.Integer and error creation time is Mon Oct 10 13:13:04 IST 2022
[INFO ] 2022-10-10 13:13:04.953 [main] AlumniServiceImpl - alumni data fetched null and time is Mon Oct 10 13:13:04 IST 2022
[INFO ] 2022-10-10 13:19:04.372 [main] AlumniDaoImpl - alumni data fetched [Alumni(alroll=1111111111, alpassword=alumni, alname=alumni, aladdress=alumniAddress, alphone=6202734737, alemail=alumni@alm.com, alpassyear=2022, department=null)] and time is Mon Oct 10 13:19:04 IST 2022
[INFO ] 2022-10-10 13:19:04.374 [main] AlumniServiceImpl - alumni data fetched [Alumni(alroll=1111111111, alpassword=alumni, alname=alumni, aladdress=alumniAddress, alphone=6202734737, alemail=alumni@alm.com, alpassyear=2022, department=null)] and time is Mon Oct 10 13:19:04 IST 2022
[INFO ] 2022-10-10 13:19:51.158 [main] DepartmentDaoImpl - new department created Department(did=1, dname=dept1, dhead=depthead) and creation time is Mon Oct 10 13:19:51 IST 2022
[INFO ] 2022-10-10 13:19:51.209 [main] DepartmentServiceImpl - new department created Department(did=1, dname=dept1, dhead=depthead) and creation time is Mon Oct 10 13:19:51 IST 2022
[ERROR] 2022-10-10 13:20:01.836 [main] DepartmentDaoImpl - exception happened com.ams.exception.GlobalException: Invalid department id and error creation time is Mon Oct 10 13:20:01 IST 2022
[INFO ] 2022-10-10 13:20:01.837 [main] DepartmentServiceImpl - department data fetched null and time is Mon Oct 10 13:20:01 IST 2022
[INFO ] 2022-10-10 13:27:22.300 [main] AdminDaoImpl - department data fetched [Department(did=1, dname=dept1, dhead=depthead)] and time is Mon Oct 10 13:27:22 IST 2022
[INFO ] 2022-10-10 13:27:22.315 [main] AdminServiceImpl - department data fetched [Department(did=1, dname=dept1, dhead=depthead)] and time is Mon Oct 10 13:27:22 IST 2022
[INFO ] 2022-10-10 13:27:43.175 [main] DepartmentDaoImpl - department data fetched Department(did=1, dname=dept1, dhead=depthead) and time is Mon Oct 10 13:27:43 IST 2022
[INFO ] 2022-10-10 13:27:43.176 [main] DepartmentServiceImpl - department data fetched Department(did=1, dname=dept1, dhead=depthead) and time is Mon Oct 10 13:27:43 IST 2022
[ERROR] 2022-10-10 13:28:06.099 [main] DepartmentDaoImpl - exception happened java.lang.IllegalStateException: Transaction already active and error creation time is Mon Oct 10 13:28:06 IST 2022
[INFO ] 2022-10-10 13:28:06.100 [main] DepartmentServiceImpl - new department created Department(did=2, dname=dept2, dhead=depthead) and creation time is Mon Oct 10 13:28:06 IST 2022
[ERROR] 2022-10-10 13:31:07.620 [main] DepartmentDaoImpl - exception happened com.ams.exception.GlobalException: Invalid department id and error creation time is Mon Oct 10 13:31:07 IST 2022
[INFO ] 2022-10-10 13:31:07.621 [main] DepartmentServiceImpl - department data fetched null and time is Mon Oct 10 13:31:07 IST 2022
[INFO ] 2022-10-10 13:31:25.390 [main] DepartmentDaoImpl - department data fetched Department(did=1, dname=dept1, dhead=depthead) and time is Mon Oct 10 13:31:25 IST 2022
[INFO ] 2022-10-10 13:31:25.390 [main] DepartmentServiceImpl - department data fetched Department(did=1, dname=dept1, dhead=depthead) and time is Mon Oct 10 13:31:25 IST 2022
[INFO ] 2022-10-10 13:32:34.550 [main] AdminDTO_Test - validator ready!!!
[INFO ] 2022-10-10 13:32:34.633 [main] AdminDTO_Test - POSITIVE TEST CASE
[INFO ] 2022-10-10 13:32:35.108 [main] AdminDTO_Test - POSITIVE TEST CASE...
[INFO ] 2022-10-10 13:32:35.156 [main] AdminDTO_Test - NEGATIVE TEST CASE...
[INFO ] 2022-10-10 13:32:35.356 [main] AdminDTO_Test - NEGATIVE TEST CASE...
[INFO ] 2022-10-10 13:35:10.436 [main] AdminDTO_Test - validator ready!!!
[INFO ] 2022-10-10 13:35:10.472 [main] AdminDTO_Test - POSITIVE TEST CASE
[INFO ] 2022-10-10 13:35:11.343 [main] AdminDTO_Test - POSITIVE TEST CASE...
[INFO ] 2022-10-10 13:35:11.388 [main] AdminDTO_Test - NEGATIVE TEST CASE...
[INFO ] 2022-10-10 13:35:11.565 [main] AdminDTO_Test - NEGATIVE TEST CASE...
[INFO ] 2022-10-10 13:36:42.702 [main] DepartmentDTO_Test - validator ready!!!
[INFO ] 2022-10-10 13:36:42.758 [main] DepartmentDTO_Test - NEGATIVE TEST CASE...
[INFO ] 2022-10-10 13:36:43.360 [main] DepartmentDTO_Test - NEGATIVE TEST CASE
[INFO ] 2022-10-10 13:36:43.530 [main] DepartmentDTO_Test - POSITIVE TEST CASE...
[INFO ] 2022-10-10 13:36:43.592 [main] DepartmentDTO_Test - POSITIVE TEST CASE...
[INFO ] 2022-10-10 13:38:12.544 [main] DepartmentDTO_Test - validator ready!!!
[INFO ] 2022-10-10 13:38:12.585 [main] DepartmentDTO_Test - NEGATIVE TEST CASE...
[INFO ] 2022-10-10 13:38:13.100 [main] DepartmentDTO_Test - NEGATIVE TEST CASE
[INFO ] 2022-10-10 13:38:13.180 [main] DepartmentDTO_Test - POSITIVE TEST CASE...
[INFO ] 2022-10-10 13:38:13.215 [main] DepartmentDTO_Test - POSITIVE TEST CASE...
[INFO ] 2022-10-10 13:38:43.996 [main] AdminDTO_Test - validator ready!!!
[INFO ] 2022-10-10 13:38:44.035 [main] AdminDTO_Test - POSITIVE TEST CASE
[INFO ] 2022-10-10 13:38:44.480 [main] AdminDTO_Test - POSITIVE TEST CASE...
[INFO ] 2022-10-10 13:38:44.575 [main] AdminDTO_Test - NEGATIVE TEST CASE...
[INFO ] 2022-10-10 13:38:44.766 [main] AdminDTO_Test - NEGATIVE TEST CASE...
[INFO ] 2022-10-10 13:41:51.449 [main] AdminDTO_Test - validator ready!!!
[INFO ] 2022-10-10 13:41:51.495 [main] AdminDTO_Test - POSITIVE TEST CASE
[INFO ] 2022-10-10 13:41:53.247 [main] AdminDTO_Test - POSITIVE TEST CASE...
[INFO ] 2022-10-10 13:41:53.326 [main] AdminDTO_Test - NEGATIVE TEST CASE...
[INFO ] 2022-10-10 13:41:53.585 [main] AdminDTO_Test - NEGATIVE TEST CASE...
[INFO ] 2022-10-10 13:43:47.130 [main] AdminDTO_Test - validator ready!!!
[INFO ] 2022-10-10 13:43:47.180 [main] AdminDTO_Test - POSITIVE TEST CASE
[INFO ] 2022-10-10 13:43:47.733 [main] AdminDTO_Test - POSITIVE TEST CASE...
[INFO ] 2022-10-10 13:43:47.866 [main] AdminDTO_Test - NEGATIVE TEST CASE...
[INFO ] 2022-10-10 13:43:48.286 [main] AdminDTO_Test - NEGATIVE TEST CASE...
[INFO ] 2022-10-10 13:46:41.471 [main] AdminDTO_Test - validator ready!!!
[INFO ] 2022-10-10 13:46:41.521 [main] AdminDTO_Test - POSITIVE TEST CASE
[INFO ] 2022-10-10 13:46:42.066 [main] AdminDTO_Test - POSITIVE TEST CASE...
[INFO ] 2022-10-10 13:46:42.106 [main] AdminDTO_Test - NEGATIVE TEST CASE...
[INFO ] 2022-10-10 13:46:42.300 [main] AdminDTO_Test - NEGATIVE TEST CASE...
[INFO ] 2022-10-10 13:47:40.124 [main] AdminDTO_Test - validator ready!!!
[INFO ] 2022-10-10 13:47:40.160 [main] AdminDTO_Test - POSITIVE TEST CASE
[INFO ] 2022-10-10 13:47:40.630 [main] AdminDTO_Test - POSITIVE TEST CASE...
[INFO ] 2022-10-10 13:47:40.710 [main] AdminDTO_Test - NEGATIVE TEST CASE...
[INFO ] 2022-10-10 13:47:40.861 [main] AdminDTO_Test - NEGATIVE TEST CASE...
[INFO ] 2022-10-10 13:49:27.225 [main] AdminDTO_Test - validator ready!!!
[INFO ] 2022-10-10 13:49:27.267 [main] AdminDTO_Test - POSITIVE TEST CASE
[INFO ] 2022-10-10 13:49:27.757 [main] AdminDTO_Test - POSITIVE TEST CASE...
[INFO ] 2022-10-10 13:49:27.812 [main] AdminDTO_Test - NEGATIVE TEST CASE...
[INFO ] 2022-10-10 13:49:28.002 [main] AdminDTO_Test - NEGATIVE TEST CASE...
[INFO ] 2022-10-10 13:50:14.495 [main] AdminDTO_Test - validator ready!!!
[INFO ] 2022-10-10 13:50:14.535 [main] AdminDTO_Test - POSITIVE TEST CASE
[INFO ] 2022-10-10 13:50:15.082 [main] AdminDTO_Test - POSITIVE TEST CASE...
[INFO ] 2022-10-10 13:50:15.144 [main] AdminDTO_Test - NEGATIVE TEST CASE...
[INFO ] 2022-10-10 13:50:15.354 [main] AdminDTO_Test - NEGATIVE TEST CASE...
[INFO ] 2022-10-10 13:52:58.357 [main] AdminDTO_Test - validator ready!!!
[INFO ] 2022-10-10 13:52:58.395 [main] AdminDTO_Test - POSITIVE TEST CASE
[INFO ] 2022-10-10 13:52:58.819 [main] AdminDTO_Test - POSITIVE TEST CASE...
[INFO ] 2022-10-10 13:52:58.893 [main] AdminDTO_Test - NEGATIVE TEST CASE...
[INFO ] 2022-10-10 13:52:59.112 [main] AdminDTO_Test - NEGATIVE TEST CASE...
[INFO ] 2022-10-10 13:53:56.700 [main] AdminDTO_Test - validator ready!!!
[INFO ] 2022-10-10 13:53:56.735 [main] AdminDTO_Test - POSITIVE TEST CASE
[INFO ] 2022-10-10 13:53:57.312 [main] AdminDTO_Test - POSITIVE TEST CASE...
[INFO ] 2022-10-10 13:53:57.388 [main] AdminDTO_Test - NEGATIVE TEST CASE...
[INFO ] 2022-10-10 13:53:57.541 [main] AdminDTO_Test - NEGATIVE TEST CASE...
[INFO ] 2022-10-10 13:54:56.227 [main] AdminDTO_Test - validator ready!!!
[INFO ] 2022-10-10 13:54:56.266 [main] AdminDTO_Test - POSITIVE TEST CASE
[INFO ] 2022-10-10 13:54:56.755 [main] AdminDTO_Test - POSITIVE TEST CASE...
[INFO ] 2022-10-10 13:54:56.822 [main] AdminDTO_Test - NEGATIVE TEST CASE...
[INFO ] 2022-10-10 13:54:57.019 [main] AdminDTO_Test - NEGATIVE TEST CASE...
[INFO ] 2022-10-10 13:55:38.055 [main] AdminDTO_Test - validator ready!!!
[INFO ] 2022-10-10 13:55:38.107 [main] AdminDTO_Test - POSITIVE TEST CASE
[INFO ] 2022-10-10 13:55:38.687 [main] AdminDTO_Test - POSITIVE TEST CASE...
[INFO ] 2022-10-10 13:55:38.776 [main] AdminDTO_Test - NEGATIVE TEST CASE...
[INFO ] 2022-10-10 13:55:38.947 [main] AdminDTO_Test - NEGATIVE TEST CASE...
[INFO ] 2022-10-10 13:57:38.223 [main] AdminDTO_Test - validator ready!!!
[INFO ] 2022-10-10 13:57:38.304 [main] AdminDTO_Test - POSITIVE TEST CASE
[INFO ] 2022-10-10 13:57:39.484 [main] AdminDTO_Test - POSITIVE TEST CASE...
[INFO ] 2022-10-10 13:57:39.538 [main] AdminDTO_Test - NEGATIVE TEST CASE...
[INFO ] 2022-10-10 13:57:39.934 [main] AdminDTO_Test - NEGATIVE TEST CASE...
[INFO ] 2022-10-10 14:01:31.435 [main] AdminDTO_Test - validator ready!!!
[INFO ] 2022-10-10 14:01:31.499 [main] AdminDTO_Test - POSITIVE TEST CASE
[INFO ] 2022-10-10 14:01:31.993 [main] AdminDTO_Test - POSITIVE TEST CASE...
[INFO ] 2022-10-10 14:01:32.075 [main] AdminDTO_Test - NEGATIVE TEST CASE...
[INFO ] 2022-10-10 14:01:32.254 [main] AdminDTO_Test - NEGATIVE TEST CASE...
[INFO ] 2022-10-10 14:01:56.182 [main] AdminDTO_Test - validator ready!!!
[INFO ] 2022-10-10 14:01:56.260 [main] AdminDTO_Test - POSITIVE TEST CASE
[INFO ] 2022-10-10 14:01:56.497 [main] AdminDTO_Test - validator ready!!!
[INFO ] 2022-10-10 14:01:56.625 [main] AdminDTO_Test - POSITIVE TEST CASE
[INFO ] 2022-10-10 14:01:57.337 [main] AdminDTO_Test - POSITIVE TEST CASE...
[INFO ] 2022-10-10 14:01:57.367 [main] AdminDTO_Test - NEGATIVE TEST CASE...
[INFO ] 2022-10-10 14:01:57.410 [main] AdminDTO_Test - POSITIVE TEST CASE...
[INFO ] 2022-10-10 14:01:57.757 [main] AdminDTO_Test - NEGATIVE TEST CASE...
[INFO ] 2022-10-10 14:01:57.797 [main] AdminDTO_Test - NEGATIVE TEST CASE...
[INFO ] 2022-10-10 14:01:57.939 [main] AdminDTO_Test - NEGATIVE TEST CASE...
[INFO ] 2022-10-10 14:03:39.560 [main] AdminDTO_Test - validator ready!!!
[INFO ] 2022-10-10 14:03:39.630 [main] AdminDTO_Test - validator ready!!!
[INFO ] 2022-10-10 14:03:39.638 [main] AdminDTO_Test - POSITIVE TEST CASE
[INFO ] 2022-10-10 14:03:39.760 [main] AdminDTO_Test - POSITIVE TEST CASE
[INFO ] 2022-10-10 14:03:40.848 [main] AdminDTO_Test - Negative TEST CASE...
[INFO ] 2022-10-10 14:03:41.112 [main] AdminDTO_Test - Negative TEST CASE...
[INFO ] 2022-10-10 14:03:41.210 [main] AdminDTO_Test - NEGATIVE TEST CASE...
[INFO ] 2022-10-10 14:03:41.255 [main] AdminDTO_Test - NEGATIVE TEST CASE...
[INFO ] 2022-10-10 14:03:41.394 [main] AdminDTO_Test - NEGATIVE TEST CASE...
[INFO ] 2022-10-10 14:03:41.486 [main] AdminDTO_Test - NEGATIVE TEST CASE...
[INFO ] 2022-10-10 14:04:19.774 [main] AdminDTO_Test - validator ready!!!
[INFO ] 2022-10-10 14:04:19.810 [main] AdminDTO_Test - POSITIVE TEST CASE
[INFO ] 2022-10-10 14:04:20.350 [main] AdminDTO_Test - Negative TEST CASE...
[INFO ] 2022-10-10 14:04:20.568 [main] AdminDTO_Test - NEGATIVE TEST CASE...
[INFO ] 2022-10-10 14:04:20.645 [main] AdminDTO_Test - NEGATIVE TEST CASE...
[INFO ] 2022-10-10 14:05:19.583 [main] AdminDTO_Test - validator ready!!!
[INFO ] 2022-10-10 14:05:19.624 [main] AdminDTO_Test - POSITIVE TEST CASE
[INFO ] 2022-10-10 14:05:20.098 [main] AdminDTO_Test - Negative TEST CASE...
[INFO ] 2022-10-10 14:05:20.233 [main] AdminDTO_Test - NEGATIVE TEST CASE...
[INFO ] 2022-10-10 14:05:20.285 [main] AdminDTO_Test - NEGATIVE TEST CASE...
[INFO ] 2022-10-10 14:06:45.194 [main] AdminDTO_Test - validator ready!!!
[INFO ] 2022-10-10 14:06:45.251 [main] AdminDTO_Test - POSITIVE TEST CASE
[INFO ] 2022-10-10 14:06:45.847 [main] AdminDTO_Test - Negative TEST CASE...
[INFO ] 2022-10-10 14:06:45.979 [main] AdminDTO_Test - NEGATIVE TEST CASE...
[INFO ] 2022-10-10 14:06:46.051 [main] AdminDTO_Test - NEGATIVE TEST CASE...
[INFO ] 2022-10-10 14:08:05.239 [main] AdminDTO_Test - validator ready!!!
[INFO ] 2022-10-10 14:08:05.277 [main] AdminDTO_Test - POSITIVE TEST CASE
[INFO ] 2022-10-10 14:08:05.754 [main] AdminDTO_Test - Negative TEST CASE...
[INFO ] 2022-10-10 14:08:05.957 [main] AdminDTO_Test - NEGATIVE TEST CASE...
[INFO ] 2022-10-10 14:08:06.005 [main] AdminDTO_Test - NEGATIVE TEST CASE...
[INFO ] 2022-10-10 14:09:37.679 [main] AdminDTO_Test - validator ready!!!
[INFO ] 2022-10-10 14:09:37.713 [main] AdminDTO_Test - POSITIVE TEST CASE
[INFO ] 2022-10-10 14:09:38.262 [main] AdminDTO_Test - Negative TEST CASE...
[INFO ] 2022-10-10 14:09:38.472 [main] AdminDTO_Test - NEGATIVE TEST CASE...
[INFO ] 2022-10-10 14:09:38.524 [main] AdminDTO_Test - NEGATIVE TEST CASE...
[INFO ] 2022-10-10 14:11:12.566 [main] AdminDTO_Test - validator ready!!!
[INFO ] 2022-10-10 14:11:12.595 [main] AdminDTO_Test - POSITIVE TEST CASE
[INFO ] 2022-10-10 14:11:13.274 [main] AdminDTO_Test - Negative TEST CASE...
[INFO ] 2022-10-10 14:11:13.323 [main] AdminDTO_Test - NEGATIVE TEST CASE...
[INFO ] 2022-10-10 14:11:13.355 [main] AdminDTO_Test - NEGATIVE TEST CASE...
[INFO ] 2022-10-10 14:13:28.191 [main] AdminDTO_Test - validator ready!!!
[INFO ] 2022-10-10 14:13:28.243 [main] AdminDTO_Test - NEGATIVE TEST CASE
[INFO ] 2022-10-10 14:13:28.893 [main] AdminDTO_Test - Negative TEST CASE...
[INFO ] 2022-10-10 14:13:28.927 [main] AdminDTO_Test - NEGATIVE TEST CASE...
[INFO ] 2022-10-10 14:13:28.968 [main] AdminDTO_Test - NEGATIVE TEST CASE...
[INFO ] 2022-10-10 14:13:59.725 [main] AdminDTO_Test - validator ready!!!
[INFO ] 2022-10-10 14:13:59.762 [main] AdminDTO_Test - NEGATIVE TEST CASE
[INFO ] 2022-10-10 14:14:00.410 [main] AdminDTO_Test - Negative TEST CASE...
[INFO ] 2022-10-10 14:14:00.526 [main] AdminDTO_Test - NEGATIVE TEST CASE...
[INFO ] 2022-10-10 14:14:00.562 [main] AdminDTO_Test - NEGATIVE TEST CASE...
[INFO ] 2022-10-10 14:14:54.313 [main] DepartmentDTO_Test - validator ready!!!
[INFO ] 2022-10-10 14:14:54.361 [main] DepartmentDTO_Test - NEGATIVE TEST CASE...
[INFO ] 2022-10-10 14:14:54.983 [main] DepartmentDTO_Test - NEGATIVE TEST CASE
[INFO ] 2022-10-10 14:14:55.080 [main] DepartmentDTO_Test - POSITIVE TEST CASE...
[INFO ] 2022-10-10 14:14:55.137 [main] DepartmentDTO_Test - POSITIVE TEST CASE...
[INFO ] 2022-10-10 14:19:05.508 [main] DepartmentDTO_Test - validator ready!!!
[INFO ] 2022-10-10 14:19:05.543 [main] DepartmentDTO_Test - NEGATIVE TEST CASE...
[INFO ] 2022-10-10 14:19:06.149 [main] DepartmentDTO_Test - NEGATIVE TEST CASE...
[INFO ] 2022-10-10 14:19:06.243 [main] DepartmentDTO_Test - NEGATIVE TEST CASE
[INFO ] 2022-10-10 14:19:06.307 [main] DepartmentDTO_Test - NEGATIVE TEST CASE...
[INFO ] 2022-10-10 14:25:06.582 [main] DepartmentDTO_Test - validator ready!!!
[INFO ] 2022-10-10 14:25:06.619 [main] DepartmentDTO_Test - NEGATIVE TEST CASE
[INFO ] 2022-10-10 14:26:29.104 [main] DepartmentDTO_Test - validator ready!!!
[INFO ] 2022-10-10 14:26:29.154 [main] DepartmentDTO_Test - NEGATIVE TEST CASE
[INFO ] 2022-10-10 14:26:49.835 [main] DepartmentDTO_Test - validator ready!!!
[INFO ] 2022-10-10 14:26:49.886 [main] DepartmentDTO_Test - NEGATIVE TEST CASE...
[INFO ] 2022-10-10 14:26:50.393 [main] DepartmentDTO_Test - NEGATIVE TEST CASE...
[INFO ] 2022-10-10 14:26:50.467 [main] DepartmentDTO_Test - NEGATIVE TEST CASE
[INFO ] 2022-10-10 14:26:50.511 [main] DepartmentDTO_Test - NEGATIVE TEST CASE...
[INFO ] 2022-10-10 14:28:24.063 [main] DepartmentDTO_Test - validator ready!!!
[INFO ] 2022-10-10 14:28:24.160 [main] DepartmentDTO_Test - NEGATIVE TEST CASE...
[INFO ] 2022-10-10 14:28:24.244 [main] DepartmentDTO_Test - NEGATIVE TEST CASE...
[INFO ] 2022-10-10 14:28:24.793 [main] DepartmentDTO_Test - NEGATIVE TEST CASE
[INFO ] 2022-10-10 14:28:24.814 [main] DepartmentDTO_Test - NEGATIVE TEST CASE...
[INFO ] 2022-10-10 14:46:38.593 [main] DepartmentDTO_Test - validator ready!!!
[INFO ] 2022-10-10 14:46:38.657 [main] DepartmentDTO_Test - NEGATIVE TEST CASE...
[INFO ] 2022-10-10 14:46:39.138 [main] DepartmentDTO_Test - NEGATIVE TEST CASE...
[INFO ] 2022-10-10 14:46:39.256 [main] DepartmentDTO_Test - NEGATIVE TEST CASE
[INFO ] 2022-10-10 14:46:39.285 [main] DepartmentDTO_Test - NEGATIVE TEST CASE...
[INFO ] 2022-10-10 14:51:10.069 [main] DepartmentDTO_Test - validator ready!!!
[INFO ] 2022-10-10 14:51:10.119 [main] DepartmentDTO_Test - NEGATIVE TEST CASE...
[INFO ] 2022-10-10 14:51:10.757 [main] DepartmentDTO_Test - NEGATIVE TEST CASE...
[INFO ] 2022-10-10 14:51:10.862 [main] DepartmentDTO_Test - NEGATIVE TEST CASE
[INFO ] 2022-10-10 14:51:10.918 [main] DepartmentDTO_Test - NEGATIVE TEST CASE...
[INFO ] 2022-10-10 14:54:18.708 [main] DepartmentDTO_Test - validator ready!!!
[INFO ] 2022-10-10 14:54:18.761 [main] DepartmentDTO_Test - NEGATIVE TEST CASE...
[INFO ] 2022-10-10 14:54:19.330 [main] DepartmentDTO_Test - NEGATIVE TEST CASE...
[INFO ] 2022-10-10 14:54:19.422 [main] DepartmentDTO_Test - NEGATIVE TEST CASE
[INFO ] 2022-10-10 14:54:19.447 [main] DepartmentDTO_Test - NEGATIVE TEST CASE...
[INFO ] 2022-10-10 14:57:20.786 [main] DepartmentDTO_Test - validator ready!!!
[INFO ] 2022-10-10 14:57:20.938 [main] DepartmentDTO_Test - NEGATIVE TEST CASE...
[INFO ] 2022-10-10 14:57:21.430 [main] DepartmentDTO_Test - NEGATIVE TEST CASE...
[INFO ] 2022-10-10 14:57:21.513 [main] DepartmentDTO_Test - NEGATIVE TEST CASE
[INFO ] 2022-10-10 14:57:21.545 [main] DepartmentDTO_Test - NEGATIVE TEST CASE...
[INFO ] 2022-10-10 14:59:44.675 [main] AlumniDTO_Test - validator ready!!!
[INFO ] 2022-10-10 14:59:44.725 [main] AlumniDTO_Test - NEGATIVE TEST CASE...
[INFO ] 2022-10-10 14:59:45.397 [main] AlumniDTO_Test - NEGATIVE TEST CASE
[INFO ] 2022-10-10 14:59:45.600 [main] AlumniDTO_Test - POSITIVE TEST CASE...
[INFO ] 2022-10-10 14:59:45.819 [main] AlumniDTO_Test - POSITIVE TEST CASE...
[INFO ] 2022-10-10 14:59:46.192 [main] AlumniDTO_Test - NEGATIVE TEST CASE...
[INFO ] 2022-10-10 14:59:46.600 [main] AlumniDTO_Test - POSITIVE TEST CASE...
[INFO ] 2022-10-10 14:59:46.950 [main] AlumniDTO_Test - NEGATIVE TEST CASE...
[INFO ] 2022-10-10 15:04:18.930 [main] AlumniDTO_Test - validator ready!!!
[INFO ] 2022-10-10 15:04:18.992 [main] AlumniDTO_Test - NEGATIVE TEST CASE...
[INFO ] 2022-10-10 15:04:19.628 [main] AlumniDTO_Test - NEGATIVE TEST CASE
[INFO ] 2022-10-10 15:04:19.824 [main] AlumniDTO_Test - POSITIVE TEST CASE...
[INFO ] 2022-10-10 15:04:19.878 [main] AlumniDTO_Test - POSITIVE TEST CASE...
[INFO ] 2022-10-10 15:04:19.934 [main] AlumniDTO_Test - NEGATIVE TEST CASE...
[INFO ] 2022-10-10 15:04:20.013 [main] AlumniDTO_Test - POSITIVE TEST CASE...
[INFO ] 2022-10-10 15:04:20.118 [main] AlumniDTO_Test - NEGATIVE TEST CASE...
[INFO ] 2022-10-10 15:05:20.457 [main] AlumniDTO_Test - validator ready!!!
[INFO ] 2022-10-10 15:05:20.495 [main] AlumniDTO_Test - NEGATIVE TEST CASE...
[INFO ] 2022-10-10 15:05:21.043 [main] AlumniDTO_Test - NEGATIVE TEST CASE
[INFO ] 2022-10-10 15:05:21.267 [main] AlumniDTO_Test - POSITIVE TEST CASE...
[INFO ] 2022-10-10 15:05:21.317 [main] AlumniDTO_Test - POSITIVE TEST CASE...
[INFO ] 2022-10-10 15:05:21.361 [main] AlumniDTO_Test - NEGATIVE TEST CASE...
[INFO ] 2022-10-10 15:05:21.555 [main] AlumniDTO_Test - POSITIVE TEST CASE...
[INFO ] 2022-10-10 15:05:21.651 [main] AlumniDTO_Test - NEGATIVE TEST CASE...
[INFO ] 2022-10-10 15:08:22.366 [main] AlumniDTO_Test - validator ready!!!
[INFO ] 2022-10-10 15:08:22.416 [main] AlumniDTO_Test - NEGATIVE TEST CASE...
[INFO ] 2022-10-10 15:08:23.396 [main] AlumniDTO_Test - NEGATIVE TEST CASE
[INFO ] 2022-10-10 15:08:23.563 [main] AlumniDTO_Test - POSITIVE TEST CASE...
[INFO ] 2022-10-10 15:08:23.646 [main] AlumniDTO_Test - POSITIVE TEST CASE...
[INFO ] 2022-10-10 15:08:23.708 [main] AlumniDTO_Test - NEGATIVE TEST CASE...
[INFO ] 2022-10-10 15:08:23.780 [main] AlumniDTO_Test - POSITIVE TEST CASE...
[INFO ] 2022-10-10 15:08:23.887 [main] AlumniDTO_Test - NEGATIVE TEST CASE...
[INFO ] 2022-10-10 15:09:33.862 [main] AlumniDTO_Test - validator ready!!!
[INFO ] 2022-10-10 15:09:33.912 [main] AlumniDTO_Test - NEGATIVE TEST CASE...
[INFO ] 2022-10-10 15:09:34.689 [main] AlumniDTO_Test - NEGATIVE TEST CASE
[INFO ] 2022-10-10 15:09:34.891 [main] AlumniDTO_Test - POSITIVE TEST CASE...
[INFO ] 2022-10-10 15:09:35.004 [main] AlumniDTO_Test - POSITIVE TEST CASE...
[INFO ] 2022-10-10 15:09:35.050 [main] AlumniDTO_Test - NEGATIVE TEST CASE...
[INFO ] 2022-10-10 15:09:35.163 [main] AlumniDTO_Test - POSITIVE TEST CASE...
[INFO ] 2022-10-10 15:09:35.340 [main] AlumniDTO_Test - NEGATIVE TEST CASE...
[INFO ] 2022-10-10 15:12:29.676 [main] AlumniDTO_Test - validator ready!!!
[INFO ] 2022-10-10 15:12:29.827 [main] AlumniDTO_Test - NEGATIVE TEST CASE...
[INFO ] 2022-10-10 15:12:30.450 [main] AlumniDTO_Test - NEGATIVE TEST CASE
[INFO ] 2022-10-10 15:12:30.586 [main] AlumniDTO_Test - POSITIVE TEST CASE...
[INFO ] 2022-10-10 15:12:30.619 [main] AlumniDTO_Test - POSITIVE TEST CASE...
[INFO ] 2022-10-10 15:12:30.651 [main] AlumniDTO_Test - NEGATIVE TEST CASE...
[INFO ] 2022-10-10 15:12:30.707 [main] AlumniDTO_Test - POSITIVE TEST CASE...
[INFO ] 2022-10-10 15:12:30.779 [main] AlumniDTO_Test - NEGATIVE TEST CASE...
[INFO ] 2022-10-10 15:13:52.476 [main] AlumniDTO_Test - validator ready!!!
[INFO ] 2022-10-10 15:13:52.514 [main] AlumniDTO_Test - NEGATIVE TEST CASE...
[INFO ] 2022-10-10 15:13:53.400 [main] AlumniDTO_Test - NEGATIVE TEST CASE
[INFO ] 2022-10-10 15:13:53.567 [main] AlumniDTO_Test - POSITIVE TEST CASE...
[INFO ] 2022-10-10 15:13:53.644 [main] AlumniDTO_Test - POSITIVE TEST CASE...
[INFO ] 2022-10-10 15:13:53.730 [main] AlumniDTO_Test - NEGATIVE TEST CASE...
[INFO ] 2022-10-10 15:13:53.784 [main] AlumniDTO_Test - POSITIVE TEST CASE...
[INFO ] 2022-10-10 15:13:53.878 [main] AlumniDTO_Test - NEGATIVE TEST CASE...
[INFO ] 2022-10-10 15:18:04.720 [main] AlumniDTO_Test - validator ready!!!
[INFO ] 2022-10-10 15:18:04.756 [main] AlumniDTO_Test - NEGATIVE TEST CASE...
[INFO ] 2022-10-10 15:18:05.294 [main] AlumniDTO_Test - NEGATIVE TEST CASE
[INFO ] 2022-10-10 15:18:05.311 [main] AlumniDTO_Test - POSITIVE TEST CASE...
[INFO ] 2022-10-10 15:18:05.333 [main] AlumniDTO_Test - POSITIVE TEST CASE...
[INFO ] 2022-10-10 15:18:05.381 [main] AlumniDTO_Test - NEGATIVE TEST CASE...
[INFO ] 2022-10-10 15:18:05.399 [main] AlumniDTO_Test - POSITIVE TEST CASE...
[INFO ] 2022-10-10 15:18:05.416 [main] AlumniDTO_Test - NEGATIVE TEST CASE...
[INFO ] 2022-10-10 15:20:06.031 [main] AlumniDTO_Test - validator ready!!!
[INFO ] 2022-10-10 15:20:06.068 [main] AlumniDTO_Test - NEGATIVE TEST CASE...
[INFO ] 2022-10-10 15:20:06.783 [main] AlumniDTO_Test - NEGATIVE TEST CASE
[INFO ] 2022-10-10 15:20:06.943 [main] AlumniDTO_Test - POSITIVE TEST CASE...
[INFO ] 2022-10-10 15:20:06.985 [main] AlumniDTO_Test - POSITIVE TEST CASE...
[INFO ] 2022-10-10 15:20:07.059 [main] AlumniDTO_Test - NEGATIVE TEST CASE...
[INFO ] 2022-10-10 15:20:07.223 [main] AlumniDTO_Test - POSITIVE TEST CASE...
[INFO ] 2022-10-10 15:20:07.371 [main] AlumniDTO_Test - NEGATIVE TEST CASE...
[INFO ] 2022-10-10 15:21:00.981 [main] AlumniDTO_Test - validator ready!!!
[INFO ] 2022-10-10 15:21:01.023 [main] AlumniDTO_Test - NEGATIVE TEST CASE...
[INFO ] 2022-10-10 15:21:01.673 [main] AlumniDTO_Test - NEGATIVE TEST CASE
[INFO ] 2022-10-10 15:21:02.002 [main] AlumniDTO_Test - POSITIVE TEST CASE...
[INFO ] 2022-10-10 15:21:02.080 [main] AlumniDTO_Test - POSITIVE TEST CASE...
[INFO ] 2022-10-10 15:21:02.140 [main] AlumniDTO_Test - NEGATIVE TEST CASE...
[INFO ] 2022-10-10 15:21:02.209 [main] AlumniDTO_Test - POSITIVE TEST CASE...
[INFO ] 2022-10-10 15:21:02.254 [main] AlumniDTO_Test - NEGATIVE TEST CASE...
[INFO ] 2022-10-10 15:22:06.377 [main] AlumniDTO_Test - validator ready!!!
[INFO ] 2022-10-10 15:22:06.446 [main] AlumniDTO_Test - NEGATIVE TEST CASE...
[INFO ] 2022-10-10 15:22:07.040 [main] AlumniDTO_Test - NEGATIVE TEST CASE
[INFO ] 2022-10-10 15:22:07.206 [main] AlumniDTO_Test - POSITIVE TEST CASE...
[INFO ] 2022-10-10 15:22:07.270 [main] AlumniDTO_Test - POSITIVE TEST CASE...
[INFO ] 2022-10-10 15:22:07.347 [main] AlumniDTO_Test - NEGATIVE TEST CASE...
[INFO ] 2022-10-10 15:22:07.412 [main] AlumniDTO_Test - POSITIVE TEST CASE...
[INFO ] 2022-10-10 15:22:07.522 [main] AlumniDTO_Test - NEGATIVE TEST CASE...
[INFO ] 2022-10-10 15:23:22.001 [main] AlumniDTO_Test - validator ready!!!
[INFO ] 2022-10-10 15:23:22.046 [main] AlumniDTO_Test - POSITIVE TEST CASE...
[INFO ] 2022-10-10 15:24:26.178 [main] AlumniDTO_Test - validator ready!!!
[INFO ] 2022-10-10 15:24:26.228 [main] AlumniDTO_Test - NEGATIVE TEST CASE...
[INFO ] 2022-10-10 15:24:26.911 [main] AlumniDTO_Test - NEGATIVE TEST CASE
[INFO ] 2022-10-10 15:24:27.034 [main] AlumniDTO_Test - POSITIVE TEST CASE...
[INFO ] 2022-10-10 15:24:27.136 [main] AlumniDTO_Test - POSITIVE TEST CASE...
[INFO ] 2022-10-10 15:24:27.204 [main] AlumniDTO_Test - NEGATIVE TEST CASE...
[INFO ] 2022-10-10 15:24:27.301 [main] AlumniDTO_Test - POSITIVE TEST CASE...
[INFO ] 2022-10-10 15:24:27.408 [main] AlumniDTO_Test - NEGATIVE TEST CASE...
[INFO ] 2022-10-10 15:26:01.627 [main] AlumniDTO_Test - validator ready!!!
[INFO ] 2022-10-10 15:26:01.662 [main] AlumniDTO_Test - NEGATIVE TEST CASE...
[INFO ] 2022-10-10 15:26:02.229 [main] AlumniDTO_Test - NEGATIVE TEST CASE
[INFO ] 2022-10-10 15:26:02.395 [main] AlumniDTO_Test - POSITIVE TEST CASE...
[INFO ] 2022-10-10 15:26:02.442 [main] AlumniDTO_Test - POSITIVE TEST CASE...
[INFO ] 2022-10-10 15:26:02.534 [main] AlumniDTO_Test - NEGATIVE TEST CASE...
[INFO ] 2022-10-10 15:26:02.631 [main] AlumniDTO_Test - POSITIVE TEST CASE...
[INFO ] 2022-10-10 15:26:02.757 [main] AlumniDTO_Test - NEGATIVE TEST CASE...
[INFO ] 2022-10-10 15:26:34.031 [main] AlumniDTO_Test - validator ready!!!
[INFO ] 2022-10-10 15:26:34.065 [main] AlumniDTO_Test - NEGATIVE TEST CASE...
[INFO ] 2022-10-10 15:26:34.664 [main] AlumniDTO_Test - NEGATIVE TEST CASE
[INFO ] 2022-10-10 15:26:34.848 [main] AlumniDTO_Test - POSITIVE TEST CASE...
[INFO ] 2022-10-10 15:26:34.907 [main] AlumniDTO_Test - POSITIVE TEST CASE...
[INFO ] 2022-10-10 15:26:34.956 [main] AlumniDTO_Test - NEGATIVE TEST CASE...
[INFO ] 2022-10-10 15:26:35.004 [main] AlumniDTO_Test - POSITIVE TEST CASE...
[INFO ] 2022-10-10 15:26:35.063 [main] AlumniDTO_Test - NEGATIVE TEST CASE...
[INFO ] 2022-10-10 15:27:50.744 [main] AlumniDTO_Test - validator ready!!!
[INFO ] 2022-10-10 15:27:50.804 [main] AlumniDTO_Test - NEGATIVE TEST CASE...
[INFO ] 2022-10-10 15:27:51.485 [main] AlumniDTO_Test - NEGATIVE TEST CASE
[INFO ] 2022-10-10 15:27:51.669 [main] AlumniDTO_Test - POSITIVE TEST CASE...
[INFO ] 2022-10-10 15:27:51.716 [main] AlumniDTO_Test - POSITIVE TEST CASE...
[INFO ] 2022-10-10 15:27:51.786 [main] AlumniDTO_Test - NEGATIVE TEST CASE...
[INFO ] 2022-10-10 15:27:51.877 [main] AlumniDTO_Test - POSITIVE TEST CASE...
[INFO ] 2022-10-10 15:27:51.953 [main] AlumniDTO_Test - NEGATIVE TEST CASE...
[INFO ] 2022-10-10 15:30:16.059 [main] AlumniDTO_Test - validator ready!!!
[INFO ] 2022-10-10 15:30:16.096 [main] AlumniDTO_Test - NEGATIVE TEST CASE...
[INFO ] 2022-10-10 15:30:16.742 [main] AlumniDTO_Test - NEGATIVE TEST CASE
[INFO ] 2022-10-10 15:30:16.895 [main] AlumniDTO_Test - POSITIVE TEST CASE...
[INFO ] 2022-10-10 15:30:16.980 [main] AlumniDTO_Test - POSITIVE TEST CASE...
[INFO ] 2022-10-10 15:30:17.039 [main] AlumniDTO_Test - NEGATIVE TEST CASE...
[INFO ] 2022-10-10 15:30:17.167 [main] AlumniDTO_Test - POSITIVE TEST CASE...
[INFO ] 2022-10-10 15:30:17.280 [main] AlumniDTO_Test - NEGATIVE TEST CASE...
[INFO ] 2022-10-10 15:31:33.328 [main] AlumniDTO_Test - validator ready!!!
[INFO ] 2022-10-10 15:31:33.367 [main] AlumniDTO_Test - NEGATIVE TEST CASE...
[INFO ] 2022-10-10 15:31:34.093 [main] AlumniDTO_Test - NEGATIVE TEST CASE
[INFO ] 2022-10-10 15:31:34.296 [main] AlumniDTO_Test - POSITIVE TEST CASE...
[INFO ] 2022-10-10 15:31:34.357 [main] AlumniDTO_Test - POSITIVE TEST CASE...
[INFO ] 2022-10-10 15:31:34.427 [main] AlumniDTO_Test - NEGATIVE TEST CASE...
[INFO ] 2022-10-10 15:31:34.524 [main] AlumniDTO_Test - POSITIVE TEST CASE...
[INFO ] 2022-10-10 15:31:34.672 [main] AlumniDTO_Test - NEGATIVE TEST CASE...
[INFO ] 2022-10-10 15:32:52.434 [main] AlumniDTO_Test - validator ready!!!
[INFO ] 2022-10-10 15:32:52.472 [main] AlumniDTO_Test - NEGATIVE TEST CASE...
[INFO ] 2022-10-10 15:32:53.123 [main] AlumniDTO_Test - NEGATIVE TEST CASE
[INFO ] 2022-10-10 15:32:53.342 [main] AlumniDTO_Test - POSITIVE TEST CASE...
[INFO ] 2022-10-10 15:32:53.497 [main] AlumniDTO_Test - POSITIVE TEST CASE...
[INFO ] 2022-10-10 15:32:53.620 [main] AlumniDTO_Test - NEGATIVE TEST CASE...
[INFO ] 2022-10-10 15:32:53.749 [main] AlumniDTO_Test - NEGATIVE TEST CASE...
[INFO ] 2022-10-10 15:32:53.821 [main] AlumniDTO_Test - NEGATIVE TEST CASE...
[INFO ] 2022-10-10 15:38:32.390 [main] AlumniDTO_Test - validator ready!!!
[INFO ] 2022-10-10 15:38:32.429 [main] AlumniDTO_Test - POSITIVE TEST CASE...
[INFO ] 2022-10-10 15:39:01.889 [main] AlumniDTO_Test - validator ready!!!
[INFO ] 2022-10-10 15:39:01.938 [main] AlumniDTO_Test - NEGATIVE TEST CASE...
[INFO ] 2022-10-10 15:39:02.776 [main] AlumniDTO_Test - NEGATIVE TEST CASE
[INFO ] 2022-10-10 15:39:02.842 [main] AlumniDTO_Test - POSITIVE TEST CASE...
[INFO ] 2022-10-10 15:39:02.940 [main] AlumniDTO_Test - NEGATIVE TEST CASE...
[INFO ] 2022-10-10 15:39:02.997 [main] AlumniDTO_Test - NEGATIVE TEST CASE...
[INFO ] 2022-10-10 15:39:03.019 [main] AlumniDTO_Test - NEGATIVE TEST CASE...
[INFO ] 2022-10-10 15:39:03.077 [main] AlumniDTO_Test - POSITIVE TEST CASE...
[INFO ] 2022-10-10 15:41:57.626 [main] AlumniDTO_Test - validator ready!!!
[INFO ] 2022-10-10 15:41:57.680 [main] AlumniDTO_Test - NEGATIVE TEST CASE...
[INFO ] 2022-10-10 15:41:58.485 [main] AlumniDTO_Test - NEGATIVE TEST CASE
[INFO ] 2022-10-10 15:41:58.571 [main] AlumniDTO_Test - POSITIVE TEST CASE...
[INFO ] 2022-10-10 15:41:58.663 [main] AlumniDTO_Test - NEGATIVE TEST CASE...
[INFO ] 2022-10-10 15:41:58.772 [main] AlumniDTO_Test - NEGATIVE TEST CASE...
[INFO ] 2022-10-10 15:41:58.867 [main] AlumniDTO_Test - NEGATIVE TEST CASE...
[INFO ] 2022-10-10 15:41:58.943 [main] AlumniDTO_Test - POSITIVE TEST CASE...
[INFO ] 2022-10-10 15:46:42.661 [main] DepartmentDTO_Test - validator ready!!!
[INFO ] 2022-10-10 15:46:42.703 [main] DepartmentDTO_Test - NEGATIVE TEST CASE...
[INFO ] 2022-10-10 15:46:43.271 [main] DepartmentDTO_Test - NEGATIVE TEST CASE...
[INFO ] 2022-10-10 15:46:43.331 [main] DepartmentDTO_Test - NEGATIVE TEST CASE
[INFO ] 2022-10-10 15:46:43.433 [main] DepartmentDTO_Test - NEGATIVE TEST CASE...
[INFO ] 2022-10-10 15:48:02.154 [main] DepartmentDTO_Test - validator ready!!!
[INFO ] 2022-10-10 15:48:02.188 [main] DepartmentDTO_Test - NEGATIVE TEST CASE...
[INFO ] 2022-10-10 15:48:02.708 [main] DepartmentDTO_Test - NEGATIVE TEST CASE...
[INFO ] 2022-10-10 15:48:02.755 [main] DepartmentDTO_Test - NEGATIVE TEST CASE
[INFO ] 2022-10-10 15:48:02.787 [main] DepartmentDTO_Test - NEGATIVE TEST CASE...
[INFO ] 2022-10-12 10:47:53.534 [main] DepartmentDTO_Test - validator ready!!!
[INFO ] 2022-10-12 10:47:53.571 [main] DepartmentDTO_Test - NEGATIVE TEST CASE...
[INFO ] 2022-10-12 10:47:54.031 [main] DepartmentDTO_Test - NEGATIVE TEST CASE...
[INFO ] 2022-10-12 10:47:54.089 [main] DepartmentDTO_Test - NEGATIVE TEST CASE
[INFO ] 2022-10-12 10:47:54.123 [main] DepartmentDTO_Test - NEGATIVE TEST CASE...
[INFO ] 2022-10-12 10:48:32.468 [main] DepartmentDTO_Test - validator ready!!!
[INFO ] 2022-10-12 10:48:32.490 [main] DepartmentDTO_Test - NEGATIVE TEST CASE...
[INFO ] 2022-10-12 10:48:32.757 [main] DepartmentDTO_Test - NEGATIVE TEST CASE...
[INFO ] 2022-10-12 10:48:32.793 [main] DepartmentDTO_Test - NEGATIVE TEST CASE
[INFO ] 2022-10-12 10:48:32.850 [main] DepartmentDTO_Test - NEGATIVE TEST CASE...
[INFO ] 2022-10-14 19:30:02.281 [main] DepartmentDaoImpl - new department created Department(did=1, dname=kuch bhi, dhead=akash, alumni=null) and creation time is Fri Oct 14 19:30:02 IST 2022
[INFO ] 2022-10-14 19:30:02.294 [main] DepartmentServiceImpl - new department created Department(did=1, dname=kuch bhi, dhead=akash, alumni=null) and creation time is Fri Oct 14 19:30:02 IST 2022
[INFO ] 2022-10-14 19:31:29.770 [main] AlumniDaoImpl - new alumni A/c created Alumni(alroll=1234567890, alpassword=akash, alname=akash, aladdress=akash ka address, alphone=6202734737, alemail=akash@gmail.com, alpassyear=2022, department=Department(did=2, dname=kuch nhi, dhead=suraj, alumni=null)) and creation time is Fri Oct 14 19:31:29 IST 2022
[INFO ] 2022-10-14 19:31:29.773 [main] AlumniServiceImpl - new alumni A/c created Alumni(alroll=1234567890, alpassword=akash, alname=akash, aladdress=akash ka address, alphone=6202734737, alemail=akash@gmail.com, alpassyear=2022, department=Department(did=2, dname=kuch nhi, dhead=suraj, alumni=null)) and creation time is Fri Oct 14 19:31:29 IST 2022
[ERROR] 2022-10-14 19:32:44.567 [main] AlumniDaoImpl - exception happened com.ams.exception.GlobalException: Invalid roll number or password and error creation time is Fri Oct 14 19:32:44 IST 2022
[INFO ] 2022-10-14 19:32:44.568 [main] AlumniServiceImpl - alumni data fetched null and time is Fri Oct 14 19:32:44 IST 2022
[INFO ] 2022-10-14 19:35:43.732 [main] AdminDaoImpl - new admin A/c created Admin(adusername=manduakash, adpassword=manduakash, adname=akash singh, ademail=manduakash@gmail.com) and creation time is Fri Oct 14 19:35:43 IST 2022
[INFO ] 2022-10-14 19:35:45.057 [main] AdminServiceImpl - new admin A/c created Admin(adusername=manduakash, adpassword=manduakash, adname=akash singh, ademail=manduakash@gmail.com) and creation time is Fri Oct 14 19:35:45 IST 2022
[ERROR] 2022-10-14 19:36:54.046 [main] AdminDaoImpl - exception happened com.ams.exception.GlobalException: Invalid admin credentials and error creation time is Fri Oct 14 19:36:54 IST 2022
[INFO ] 2022-10-14 19:36:54.049 [main] AdminServiceImpl - alumni data fetched null and time is Fri Oct 14 19:36:54 IST 2022
[INFO ] 2022-10-14 20:21:28.673 [main] AdminDTO_Test - validator ready!!!
[INFO ] 2022-10-14 20:21:28.712 [main] AdminDTO_Test - NEGATIVE TEST CASE
[INFO ] 2022-10-14 20:21:29.477 [main] AdminDTO_Test - Negative TEST CASE...
[INFO ] 2022-10-14 20:21:29.516 [main] AdminDTO_Test - NEGATIVE TEST CASE...
[INFO ] 2022-10-14 20:21:29.557 [main] AdminDTO_Test - NEGATIVE TEST CASE...
[INFO ] 2022-10-14 20:34:41.223 [main] DepartmentDTO_Test - validator ready!!!
[INFO ] 2022-10-14 20:34:41.564 [main] DepartmentDTO_Test - NEGATIVE TEST CASE...
[INFO ] 2022-10-14 20:34:42.605 [main] DepartmentDTO_Test - NEGATIVE TEST CASE...
[INFO ] 2022-10-14 20:35:42.110 [main] DepartmentDTO_Test - validator ready!!!
[INFO ] 2022-10-14 20:35:42.152 [main] DepartmentDTO_Test - NEGATIVE TEST CASE...
[INFO ] 2022-10-14 20:35:42.911 [main] DepartmentDTO_Test - NEGATIVE TEST CASE...
[INFO ] 2022-10-14 20:40:58.492 [main] DepartmentDTO_Test - validator ready!!!
[INFO ] 2022-10-14 20:40:58.540 [main] DepartmentDTO_Test - NEGATIVE TEST CASE
[INFO ] 2022-10-14 20:40:59.506 [main] DepartmentDTO_Test - NEGATIVE TEST CASE...
[INFO ] 2022-10-14 20:40:59.602 [main] DepartmentDTO_Test - NEGATIVE TEST CASE...
[INFO ] 2022-10-14 20:40:59.664 [main] DepartmentDTO_Test - NEGATIVE TEST CASE...
[INFO ] 2022-10-14 21:02:18.756 [main] DepartmentDTO_Test - validator ready!!!
[INFO ] 2022-10-14 21:02:19.087 [main] DepartmentDTO_Test - NEGATIVE TEST CASE
[INFO ] 2022-10-14 21:02:20.209 [main] DepartmentDTO_Test - NEGATIVE TEST CASE...
[INFO ] 2022-10-14 21:02:20.374 [main] DepartmentDTO_Test - NEGATIVE TEST CASE...
[INFO ] 2022-10-14 21:02:20.476 [main] DepartmentDTO_Test - NEGATIVE TEST CASE...
[INFO ] 2022-10-14 21:03:41.818 [main] DepartmentDTO_Test - validator ready!!!
[INFO ] 2022-10-14 21:03:41.931 [main] DepartmentDTO_Test - NEGATIVE TEST CASE
[INFO ] 2022-10-14 21:03:42.567 [main] DepartmentDTO_Test - NEGATIVE TEST CASE...
[INFO ] 2022-10-14 21:03:42.652 [main] DepartmentDTO_Test - NEGATIVE TEST CASE...
[INFO ] 2022-10-14 21:03:42.698 [main] DepartmentDTO_Test - NEGATIVE TEST CASE...
[INFO ] 2022-10-14 21:04:17.312 [main] DepartmentDTO_Test - validator ready!!!
[INFO ] 2022-10-14 21:04:17.359 [main] DepartmentDTO_Test - NEGATIVE TEST CASE
[INFO ] 2022-10-14 21:04:18.348 [main] DepartmentDTO_Test - NEGATIVE TEST CASE...
[INFO ] 2022-10-14 21:04:18.433 [main] DepartmentDTO_Test - NEGATIVE TEST CASE...
[INFO ] 2022-10-14 21:04:18.504 [main] DepartmentDTO_Test - NEGATIVE TEST CASE...
[INFO ] 2022-10-14 21:05:03.439 [main] AdminDTO_Test - validator ready!!!
[INFO ] 2022-10-14 21:05:03.502 [main] AdminDTO_Test - NEGATIVE TEST CASE
[INFO ] 2022-10-14 21:05:04.489 [main] AdminDTO_Test - Negative TEST CASE...
[INFO ] 2022-10-14 21:05:04.527 [main] AdminDTO_Test - NEGATIVE TEST CASE...
[INFO ] 2022-10-14 21:05:04.610 [main] AdminDTO_Test - NEGATIVE TEST CASE...
[INFO ] 2022-10-14 21:06:45.628 [main] AlumniDTO_Test - validator ready!!!
[INFO ] 2022-10-14 21:06:45.696 [main] AlumniDTO_Test - NEGATIVE TEST CASE...
[INFO ] 2022-10-14 21:06:46.863 [main] AlumniDTO_Test - NEGATIVE TEST CASE
[INFO ] 2022-10-14 21:06:47.117 [main] AlumniDTO_Test - POSITIVE TEST CASE...
[INFO ] 2022-10-14 21:06:47.183 [main] AlumniDTO_Test - NEGATIVE TEST CASE...
[INFO ] 2022-10-14 21:06:47.287 [main] AlumniDTO_Test - NEGATIVE TEST CASE...
[INFO ] 2022-10-14 21:06:47.501 [main] AlumniDTO_Test - NEGATIVE TEST CASE...
[INFO ] 2022-10-14 21:06:47.571 [main] AlumniDTO_Test - POSITIVE TEST CASE...
[INFO ] 2022-10-14 21:12:47.788 [main] AdminDaoImpl - new admin A/c created Admin(adusername=manduakash, adpassword=manduakash, adname=akash singh, ademail=manduakash@gmail.com) and creation time is Fri Oct 14 21:12:47 IST 2022
[INFO ] 2022-10-14 21:12:49.402 [main] AdminServiceImpl - new admin A/c created Admin(adusername=manduakash, adpassword=manduakash, adname=akash singh, ademail=manduakash@gmail.com) and creation time is Fri Oct 14 21:12:49 IST 2022
[INFO ] 2022-10-14 21:16:56.172 [main] DepartmentDaoImpl - new department created Department(did=3, dname=IT, dhead=paro, alumni=null) and creation time is Fri Oct 14 21:16:56 IST 2022
[INFO ] 2022-10-14 21:16:56.188 [main] DepartmentServiceImpl - new department created Department(did=3, dname=IT, dhead=paro, alumni=null) and creation time is Fri Oct 14 21:16:56 IST 2022
[INFO ] 2022-10-14 21:18:19.365 [main] AlumniDaoImpl - new alumni A/c created Alumni(alroll=1234567890, alpassword=manduakash, alname=Akash Singh, aladdress=somewhre, alphone=6202734737, alemail=manduakash@gmail.com, alpassyear=2022, department=Department(did=4, dname=anything, dhead=tumpa, alumni=null)) and creation time is Fri Oct 14 21:18:19 IST 2022
[INFO ] 2022-10-14 21:18:19.366 [main] AlumniServiceImpl - new alumni A/c created Alumni(alroll=1234567890, alpassword=manduakash, alname=Akash Singh, aladdress=somewhre, alphone=6202734737, alemail=manduakash@gmail.com, alpassyear=2022, department=Department(did=4, dname=anything, dhead=tumpa, alumni=null)) and creation time is Fri Oct 14 21:18:19 IST 2022
[ERROR] 2022-10-14 21:18:44.428 [main] AlumniDaoImpl - exception happened com.ams.exception.GlobalException: Invalid roll number or password and error creation time is Fri Oct 14 21:18:44 IST 2022
[INFO ] 2022-10-14 21:18:44.430 [main] AlumniServiceImpl - alumni data fetched null and time is Fri Oct 14 21:18:44 IST 2022
[INFO ] 2022-10-14 21:38:31.779 [main] AlumniDTO_Test - validator ready!!!
[INFO ] 2022-10-14 21:38:31.819 [main] AlumniDTO_Test - NEGATIVE TEST CASE...
[INFO ] 2022-10-14 21:38:32.669 [main] AlumniDTO_Test - NEGATIVE TEST CASE
[INFO ] 2022-10-14 21:38:32.805 [main] AlumniDTO_Test - POSITIVE TEST CASE...
[INFO ] 2022-10-14 21:38:32.892 [main] AlumniDTO_Test - NEGATIVE TEST CASE...
[INFO ] 2022-10-14 21:38:32.961 [main] AlumniDTO_Test - NEGATIVE TEST CASE...
[INFO ] 2022-10-14 21:38:33.512 [main] AlumniDTO_Test - NEGATIVE TEST CASE...
[INFO ] 2022-10-14 21:38:33.552 [main] AlumniDTO_Test - POSITIVE TEST CASE...
[INFO ] 2022-10-15 07:15:12.419 [main] AlumniDTO_Test - validator ready!!!
[INFO ] 2022-10-15 07:15:12.488 [main] AlumniDTO_Test - NEGATIVE TEST CASE...
[INFO ] 2022-10-15 07:15:13.820 [main] AlumniDTO_Test - NEGATIVE TEST CASE
[INFO ] 2022-10-15 07:15:13.954 [main] AlumniDTO_Test - POSITIVE TEST CASE...
[INFO ] 2022-10-15 07:15:14.022 [main] AlumniDTO_Test - NEGATIVE TEST CASE...
[INFO ] 2022-10-15 07:15:14.193 [main] AlumniDTO_Test - NEGATIVE TEST CASE...
[INFO ] 2022-10-15 07:15:14.416 [main] AlumniDTO_Test - NEGATIVE TEST CASE...
[INFO ] 2022-10-15 07:15:14.528 [main] AlumniDTO_Test - POSITIVE TEST CASE...
[INFO ] 2022-10-15 07:21:10.935 [main] AdminDaoImpl - alumni data fetched [com.ams.entity.Alumni@48cb2d73] and time is Sat Oct 15 07:21:10 IST 2022
[INFO ] 2022-10-15 07:21:10.945 [main] AdminServiceImpl - alumni data fetched [com.ams.entity.Alumni@48cb2d73] and time is Sat Oct 15 07:21:10 IST 2022
[INFO ] 2022-10-15 07:27:56.841 [main] AdminDaoImpl - alumni data fetched [com.ams.entity.Alumni@48cb2d73] and time is Sat Oct 15 07:27:56 IST 2022
[INFO ] 2022-10-15 07:27:56.854 [main] AdminServiceImpl - alumni data fetched [com.ams.entity.Alumni@48cb2d73] and time is Sat Oct 15 07:27:56 IST 2022
[INFO ] 2022-10-15 07:29:17.270 [main] AdminDaoImpl - alumni data fetched [com.ams.entity.Alumni@48cb2d73] and time is Sat Oct 15 07:29:17 IST 2022
[INFO ] 2022-10-15 07:29:17.278 [main] AdminServiceImpl - alumni data fetched [com.ams.entity.Alumni@48cb2d73] and time is Sat Oct 15 07:29:17 IST 2022
[INFO ] 2022-10-15 07:30:59.854 [main] AdminDaoImpl - department data fetched [Department(did=2, dname=dept1, dhead=dhead1, alumni=[]), Department(did=3, dname=IT, dhead=paro, alumni=[]), Department(did=4, dname=anything, dhead=tumpa, alumni=[com.ams.entity.Alumni@48cb2d73])] and time is Sat Oct 15 07:30:59 IST 2022
[INFO ] 2022-10-15 07:30:59.855 [main] AdminServiceImpl - department data fetched [Department(did=2, dname=dept1, dhead=dhead1, alumni=[]), Department(did=3, dname=IT, dhead=paro, alumni=[]), Department(did=4, dname=anything, dhead=tumpa, alumni=[com.ams.entity.Alumni@48cb2d73])] and time is Sat Oct 15 07:30:59 IST 2022
[ERROR] 2022-10-15 10:04:19.538 [main] DepartmentDaoImpl - exception happened com.ams.exception.GlobalException: Incorrect Department id and error creation time is Sat Oct 15 10:04:19 IST 2022
[INFO ] 2022-10-15 10:04:19.539 [main] DepartmentServiceImpl - Alumni data fetched null and time is Sat Oct 15 10:04:19 IST 2022
[ERROR] 2022-10-15 10:04:30.756 [main] DepartmentDaoImpl - exception happened com.ams.exception.GlobalException: Incorrect Department id and error creation time is Sat Oct 15 10:04:30 IST 2022
[INFO ] 2022-10-15 10:04:30.765 [main] DepartmentServiceImpl - Alumni data fetched null and time is Sat Oct 15 10:04:30 IST 2022
[INFO ] 2022-10-15 10:06:00.053 [main] DepartmentDaoImpl - alumni data fetched [com.ams.entity.Alumni@21390938] and time is Sat Oct 15 10:05:59 IST 2022
[INFO ] 2022-10-15 10:06:00.059 [main] DepartmentServiceImpl - Alumni data fetched [com.ams.entity.Alumni@21390938] and time is Sat Oct 15 10:06:00 IST 2022
[INFO ] 2022-10-15 10:07:00.413 [main] DepartmentDaoImpl - alumni data fetched [com.ams.entity.Alumni@21390938] and time is Sat Oct 15 10:07:00 IST 2022
[INFO ] 2022-10-15 10:07:00.415 [main] DepartmentServiceImpl - Alumni data fetched [com.ams.entity.Alumni@21390938] and time is Sat Oct 15 10:07:00 IST 2022
[INFO ] 2022-10-15 10:07:08.311 [main] DepartmentDaoImpl - alumni data fetched [com.ams.entity.Alumni@21390938] and time is Sat Oct 15 10:07:08 IST 2022
[INFO ] 2022-10-15 10:07:08.342 [main] DepartmentServiceImpl - Alumni data fetched [com.ams.entity.Alumni@21390938] and time is Sat Oct 15 10:07:08 IST 2022
[INFO ] 2022-10-15 10:07:52.346 [main] DepartmentDaoImpl - alumni data fetched [com.ams.entity.Alumni@21390938] and time is Sat Oct 15 10:07:52 IST 2022
[INFO ] 2022-10-15 10:07:52.347 [main] DepartmentServiceImpl - Alumni data fetched [com.ams.entity.Alumni@21390938] and time is Sat Oct 15 10:07:52 IST 2022
[INFO ] 2022-10-15 10:40:45.354 [main] AlumniDaoImpl - new alumni A/c created com.ams.entity.Alumni@582a3b19 and creation time is Sat Oct 15 10:40:45 IST 2022
[INFO ] 2022-10-15 10:40:45.365 [main] AlumniServiceImpl - new alumni A/c created com.ams.entity.Alumni@582a3b19 and creation time is Sat Oct 15 10:40:45 IST 2022
[INFO ] 2022-10-15 11:05:16.183 [main] AlumniDaoImpl - new alumni A/c created com.ams.entity.Alumni@70fede7d and creation time is Sat Oct 15 11:05:16 IST 2022
[INFO ] 2022-10-15 11:05:16.205 [main] AlumniServiceImpl - new alumni A/c created com.ams.entity.Alumni@70fede7d and creation time is Sat Oct 15 11:05:16 IST 2022
[INFO ] 2022-10-15 13:42:33.612 [main] AdminDaoImpl - alumni data fetched [com.ams.entity.Alumni@48cb2d73, com.ams.entity.Alumni@35e98af, com.ams.entity.Alumni@781aff8b] and time is Sat Oct 15 13:42:33 IST 2022
[INFO ] 2022-10-15 13:42:33.624 [main] AdminServiceImpl - alumni data fetched [com.ams.entity.Alumni@48cb2d73, com.ams.entity.Alumni@35e98af, com.ams.entity.Alumni@781aff8b] and time is Sat Oct 15 13:42:33 IST 2022
[INFO ] 2022-10-15 13:44:14.415 [main] AlumniDaoImpl - new alumni A/c created com.ams.entity.Alumni@37d699a1 and creation time is Sat Oct 15 13:44:14 IST 2022
[INFO ] 2022-10-15 13:44:14.441 [main] AlumniServiceImpl - new alumni A/c created com.ams.entity.Alumni@37d699a1 and creation time is Sat Oct 15 13:44:14 IST 2022
[INFO ] 2022-10-15 13:44:29.457 [main] AdminDaoImpl - alumni data fetched [com.ams.entity.Alumni@48cb2d73, com.ams.entity.Alumni@35e98af, com.ams.entity.Alumni@781aff8b] and time is Sat Oct 15 13:44:29 IST 2022
[INFO ] 2022-10-15 13:44:29.457 [main] AdminServiceImpl - alumni data fetched [com.ams.entity.Alumni@48cb2d73, com.ams.entity.Alumni@35e98af, com.ams.entity.Alumni@781aff8b] and time is Sat Oct 15 13:44:29 IST 2022
[INFO ] 2022-10-15 13:47:29.785 [main] AdminDaoImpl - alumni data fetched [com.ams.entity.Alumni@48cb2d73, com.ams.entity.Alumni@35e98af, com.ams.entity.Alumni@781aff8b, com.ams.entity.Alumni@7fbf26fc] and time is Sat Oct 15 13:47:29 IST 2022
[INFO ] 2022-10-15 13:47:29.788 [main] AdminServiceImpl - alumni data fetched [com.ams.entity.Alumni@48cb2d73, com.ams.entity.Alumni@35e98af, com.ams.entity.Alumni@781aff8b, com.ams.entity.Alumni@7fbf26fc] and time is Sat Oct 15 13:47:29 IST 2022
[INFO ] 2022-10-15 13:49:32.262 [main] AlumniDaoImpl - new alumni A/c created com.ams.entity.Alumni@57a667c8 and creation time is Sat Oct 15 13:49:32 IST 2022
[INFO ] 2022-10-15 13:49:32.279 [main] AlumniServiceImpl - new alumni A/c created com.ams.entity.Alumni@57a667c8 and creation time is Sat Oct 15 13:49:32 IST 2022
[INFO ] 2022-10-15 13:51:02.040 [main] AdminDaoImpl - alumni data fetched [com.ams.entity.Alumni@48cb2d73, com.ams.entity.Alumni@35e98af, com.ams.entity.Alumni@781aff8b, com.ams.entity.Alumni@7fbf26fc] and time is Sat Oct 15 13:51:02 IST 2022
[INFO ] 2022-10-15 13:51:02.041 [main] AdminServiceImpl - alumni data fetched [com.ams.entity.Alumni@48cb2d73, com.ams.entity.Alumni@35e98af, com.ams.entity.Alumni@781aff8b, com.ams.entity.Alumni@7fbf26fc] and time is Sat Oct 15 13:51:02 IST 2022
[INFO ] 2022-10-15 13:52:23.700 [main] AdminDaoImpl - alumni data fetched [com.ams.entity.Alumni@48cb2d73, com.ams.entity.Alumni@35e98af, com.ams.entity.Alumni@781aff8b, com.ams.entity.Alumni@7fbf26fc, com.ams.entity.Alumni@11c78080] and time is Sat Oct 15 13:52:23 IST 2022
[INFO ] 2022-10-15 13:52:23.703 [main] AdminServiceImpl - alumni data fetched [com.ams.entity.Alumni@48cb2d73, com.ams.entity.Alumni@35e98af, com.ams.entity.Alumni@781aff8b, com.ams.entity.Alumni@7fbf26fc, com.ams.entity.Alumni@11c78080] and time is Sat Oct 15 13:52:23 IST 2022
[INFO ] 2022-10-15 13:54:29.758 [main] AlumniDaoImpl - new alumni A/c created com.ams.entity.Alumni@714e861f and creation time is Sat Oct 15 13:54:29 IST 2022
[INFO ] 2022-10-15 13:54:29.776 [main] AlumniServiceImpl - new alumni A/c created com.ams.entity.Alumni@714e861f and creation time is Sat Oct 15 13:54:29 IST 2022
[INFO ] 2022-10-15 13:55:06.596 [main] AdminDaoImpl - alumni data fetched [com.ams.entity.Alumni@48cb2d73, com.ams.entity.Alumni@35e98af, com.ams.entity.Alumni@781aff8b, com.ams.entity.Alumni@7fbf26fc, com.ams.entity.Alumni@11c78080] and time is Sat Oct 15 13:55:06 IST 2022
[INFO ] 2022-10-15 13:55:06.596 [main] AdminServiceImpl - alumni data fetched [com.ams.entity.Alumni@48cb2d73, com.ams.entity.Alumni@35e98af, com.ams.entity.Alumni@781aff8b, com.ams.entity.Alumni@7fbf26fc, com.ams.entity.Alumni@11c78080] and time is Sat Oct 15 13:55:06 IST 2022
[INFO ] 2022-10-15 14:39:26.485 [main] AdminDaoImpl - alumni data fetched [com.ams.entity.Alumni@6321a5aa, com.ams.entity.Alumni@1c7f9861, com.ams.entity.Alumni@7a36c83a, com.ams.entity.Alumni@154b8cb6, com.ams.entity.Alumni@7b297740, com.ams.entity.Alumni@1b7554d4] and time is Sat Oct 15 14:39:26 IST 2022
[INFO ] 2022-10-15 14:39:26.497 [main] AdminServiceImpl - alumni data fetched [com.ams.entity.Alumni@6321a5aa, com.ams.entity.Alumni@1c7f9861, com.ams.entity.Alumni@7a36c83a, com.ams.entity.Alumni@154b8cb6, com.ams.entity.Alumni@7b297740, com.ams.entity.Alumni@1b7554d4] and time is Sat Oct 15 14:39:26 IST 2022
[INFO ] 2022-10-15 14:41:44.657 [main] AlumniDaoImpl - new alumni A/c created com.ams.entity.Alumni@4861cca9 and creation time is Sat Oct 15 14:41:44 IST 2022
[INFO ] 2022-10-15 14:41:44.673 [main] AlumniServiceImpl - new alumni A/c created com.ams.entity.Alumni@4861cca9 and creation time is Sat Oct 15 14:41:44 IST 2022
[INFO ] 2022-10-15 14:42:36.223 [main] AdminDaoImpl - alumni data fetched [com.ams.entity.Alumni@6321a5aa, com.ams.entity.Alumni@1c7f9861, com.ams.entity.Alumni@7a36c83a, com.ams.entity.Alumni@154b8cb6, com.ams.entity.Alumni@7b297740, com.ams.entity.Alumni@1b7554d4, com.ams.entity.Alumni@77fc19cf] and time is Sat Oct 15 14:42:36 IST 2022
[INFO ] 2022-10-15 14:42:36.224 [main] AdminServiceImpl - alumni data fetched [com.ams.entity.Alumni@6321a5aa, com.ams.entity.Alumni@1c7f9861, com.ams.entity.Alumni@7a36c83a, com.ams.entity.Alumni@154b8cb6, com.ams.entity.Alumni@7b297740, com.ams.entity.Alumni@1b7554d4, com.ams.entity.Alumni@77fc19cf] and time is Sat Oct 15 14:42:36 IST 2022
[INFO ] 2022-10-15 14:48:34.273 [main] AlumniDaoImpl - alumni data fetched [com.ams.entity.Alumni@6321a5aa, com.ams.entity.Alumni@1c7f9861, com.ams.entity.Alumni@7a36c83a, com.ams.entity.Alumni@154b8cb6, com.ams.entity.Alumni@7b297740, com.ams.entity.Alumni@1b7554d4, com.ams.entity.Alumni@2ab09943] and time is Sat Oct 15 14:48:34 IST 2022
[INFO ] 2022-10-15 14:48:34.285 [main] AlumniServiceImpl - alumni data fetched [com.ams.entity.Alumni@6321a5aa, com.ams.entity.Alumni@1c7f9861, com.ams.entity.Alumni@7a36c83a, com.ams.entity.Alumni@154b8cb6, com.ams.entity.Alumni@7b297740, com.ams.entity.Alumni@1b7554d4, com.ams.entity.Alumni@2ab09943] and time is Sat Oct 15 14:48:34 IST 2022
[INFO ] 2022-10-15 14:52:27.802 [main] AlumniDaoImpl - alumni data fetched [com.ams.entity.Alumni@6321a5aa, com.ams.entity.Alumni@1c7f9861, com.ams.entity.Alumni@7a36c83a, com.ams.entity.Alumni@154b8cb6, com.ams.entity.Alumni@7b297740, com.ams.entity.Alumni@1b7554d4, com.ams.entity.Alumni@2ab09943] and time is Sat Oct 15 14:52:27 IST 2022
[INFO ] 2022-10-15 14:52:27.814 [main] AlumniServiceImpl - alumni data fetched [com.ams.entity.Alumni@6321a5aa, com.ams.entity.Alumni@1c7f9861, com.ams.entity.Alumni@7a36c83a, com.ams.entity.Alumni@154b8cb6, com.ams.entity.Alumni@7b297740, com.ams.entity.Alumni@1b7554d4, com.ams.entity.Alumni@2ab09943] and time is Sat Oct 15 14:52:27 IST 2022
[INFO ] 2022-10-15 14:55:39.478 [main] AlumniDaoImpl - alumni password updated com.ams.entity.Alumni@2a99ca99 and time is Sat Oct 15 14:55:39 IST 2022
[INFO ] 2022-10-15 14:55:39.482 [main] AlumniServiceImpl - admin password updated com.ams.entity.Alumni@44fd7ba4 and time is Sat Oct 15 14:55:39 IST 2022
